  SuperHappyTicket.cpp
D:\alg\SuperHappyTicket\bigint\include\gmp.h(1795,19): warning C4244: return: преобразование "mp_limb_t" в "unsigned long", возможна потеря данных
libgmp.lib(invert_limb_table.obj) : warning LNK4078: найдено несколько секций ".rdata" с разными атрибутами (C0400040)
  Создание кода
  10 of 99 functions (10.1%) were compiled, the rest were copied from previous compilation.
    9 functions were new in current compilation
    16 functions had inline decision re-evaluated but remain unchanged
  Создание кода завершено
libgmp.lib(osmpz.obj) : warning LNK4099: "libgmp.pdb" PDB не найден с "libgmp.lib(osmpz.obj)" или на "D:\alg\SuperHappyTicket\x64\Release\libgmp.pdb"; компоновка объекта выполняется как при отсутствии отладочных данных
libgmp.lib(ismpz.obj) : warning LNK4099: "libgmp.pdb" PDB не найден с "libgmp.lib(ismpz.obj)" или на "D:\alg\SuperHappyTicket\x64\Release\libgmp.pdb"; компоновка объекта выполняется как при отсутствии отладочных данных
libgmp.lib(mpz_get_str.obj) : warning LNK4099: "libgmp.pdb" PDB не найден с "libgmp.lib(mpz_get_str.obj)" или на "D:\alg\SuperHappyTicket\x64\Release\libgmp.pdb"; компоновка объекта выполняется как при отсутствии отладочных данных
libgmp.lib(osfuns.obj) : warning LNK4099: "libgmp.pdb" PDB не найден с "libgmp.lib(osfuns.obj)" или на "D:\alg\SuperHappyTicket\x64\Release\libgmp.pdb"; компоновка объекта выполняется как при отсутствии отладочных данных
libgmp.lib(osdoprnti.obj) : warning LNK4099: "libgmp.pdb" PDB не найден с "libgmp.lib(osdoprnti.obj)" или на "D:\alg\SuperHappyTicket\x64\Release\libgmp.pdb"; компоновка объекта выполняется как при отсутствии отладочных данных
libgmp.lib(ismpznw.obj) : warning LNK4099: "libgmp.pdb" PDB не найден с "libgmp.lib(ismpznw.obj)" или на "D:\alg\SuperHappyTicket\x64\Release\libgmp.pdb"; компоновка объекта выполняется как при отсутствии отладочных данных
libgmp.lib(mpn_get_str.obj) : warning LNK4099: "libgmp.pdb" PDB не найден с "libgmp.lib(mpn_get_str.obj)" или на "D:\alg\SuperHappyTicket\x64\Release\libgmp.pdb"; компоновка объекта выполняется как при отсутствии отладочных данных
libgmp.lib(tal-reent.obj) : warning LNK4099: "libgmp.pdb" PDB не найден с "libgmp.lib(tal-reent.obj)" или на "D:\alg\SuperHappyTicket\x64\Release\libgmp.pdb"; компоновка объекта выполняется как при отсутствии отладочных данных
libgmp.lib(memory.obj) : warning LNK4099: "libgmp.pdb" PDB не найден с "libgmp.lib(memory.obj)" или на "D:\alg\SuperHappyTicket\x64\Release\libgmp.pdb"; компоновка объекта выполняется как при отсутствии отладочных данных
libgmp.lib(mp_bases.obj) : warning LNK4099: "libgmp.pdb" PDB не найден с "libgmp.lib(mp_bases.obj)" или на "D:\alg\SuperHappyTicket\x64\Release\libgmp.pdb"; компоновка объекта выполняется как при отсутствии отладочных данных
libgmp.lib(asprntffuns.obj) : warning LNK4099: "libgmp.pdb" PDB не найден с "libgmp.lib(asprntffuns.obj)" или на "D:\alg\SuperHappyTicket\x64\Release\libgmp.pdb"; компоновка объекта выполняется как при отсутствии отладочных данных
libgmp.lib(doprnti.obj) : warning LNK4099: "libgmp.pdb" PDB не найден с "libgmp.lib(doprnti.obj)" или на "D:\alg\SuperHappyTicket\x64\Release\libgmp.pdb"; компоновка объекта выполняется как при отсутствии отладочных данных
libgmp.lib(mpz_set_str.obj) : warning LNK4099: "libgmp.pdb" PDB не найден с "libgmp.lib(mpz_set_str.obj)" или на "D:\alg\SuperHappyTicket\x64\Release\libgmp.pdb"; компоновка объекта выполняется как при отсутствии отладочных данных
libgmp.lib(mpz_set_ui.obj) : warning LNK4099: "libgmp.pdb" PDB не найден с "libgmp.lib(mpz_set_ui.obj)" или на "D:\alg\SuperHappyTicket\x64\Release\libgmp.pdb"; компоновка объекта выполняется как при отсутствии отладочных данных
libgmp.lib(isfuns.obj) : warning LNK4099: "libgmp.pdb" PDB не найден с "libgmp.lib(isfuns.obj)" или на "D:\alg\SuperHappyTicket\x64\Release\libgmp.pdb"; компоновка объекта выполняется как при отсутствии отладочных данных
libgmp.lib(tdiv_qr.obj) : warning LNK4099: "libgmp.pdb" PDB не найден с "libgmp.lib(tdiv_qr.obj)" или на "D:\alg\SuperHappyTicket\x64\Release\libgmp.pdb"; компоновка объекта выполняется как при отсутствии отладочных данных
libgmp.lib(compute_powtab.obj) : warning LNK4099: "libgmp.pdb" PDB не найден с "libgmp.lib(compute_powtab.obj)" или на "D:\alg\SuperHappyTicket\x64\Release\libgmp.pdb"; компоновка объекта выполняется как при отсутствии отладочных данных
libgmp.lib(realloc.obj) : warning LNK4099: "libgmp.pdb" PDB не найден с "libgmp.lib(realloc.obj)" или на "D:\alg\SuperHappyTicket\x64\Release\libgmp.pdb"; компоновка объекта выполняется как при отсутствии отладочных данных
libgmp.lib(mpn_set_str.obj) : warning LNK4099: "libgmp.pdb" PDB не найден с "libgmp.lib(mpn_set_str.obj)" или на "D:\alg\SuperHappyTicket\x64\Release\libgmp.pdb"; компоновка объекта выполняется как при отсутствии отладочных данных
libgmp.lib(mp_dv_tab.obj) : warning LNK4099: "libgmp.pdb" PDB не найден с "libgmp.lib(mp_dv_tab.obj)" или на "D:\alg\SuperHappyTicket\x64\Release\libgmp.pdb"; компоновка объекта выполняется как при отсутствии отладочных данных
libgmp.lib(mpn_mul.obj) : warning LNK4099: "libgmp.pdb" PDB не найден с "libgmp.lib(mpn_mul.obj)" или на "D:\alg\SuperHappyTicket\x64\Release\libgmp.pdb"; компоновка объекта выполняется как при отсутствии отладочных данных
libgmp.lib(sbpi1_div_qr.obj) : warning LNK4099: "libgmp.pdb" PDB не найден с "libgmp.lib(sbpi1_div_qr.obj)" или на "D:\alg\SuperHappyTicket\x64\Release\libgmp.pdb"; компоновка объекта выполняется как при отсутствии отладочных данных
libgmp.lib(dcpi1_div_qr.obj) : warning LNK4099: "libgmp.pdb" PDB не найден с "libgmp.lib(dcpi1_div_qr.obj)" или на "D:\alg\SuperHappyTicket\x64\Release\libgmp.pdb"; компоновка объекта выполняется как при отсутствии отладочных данных
libgmp.lib(mu_div_qr.obj) : warning LNK4099: "libgmp.pdb" PDB не найден с "libgmp.lib(mu_div_qr.obj)" или на "D:\alg\SuperHappyTicket\x64\Release\libgmp.pdb"; компоновка объекта выполняется как при отсутствии отладочных данных
libgmp.lib(assert.obj) : warning LNK4099: "libgmp.pdb" PDB не найден с "libgmp.lib(assert.obj)" или на "D:\alg\SuperHappyTicket\x64\Release\libgmp.pdb"; компоновка объекта выполняется как при отсутствии отладочных данных
libgmp.lib(errno.obj) : warning LNK4099: "libgmp.pdb" PDB не найден с "libgmp.lib(errno.obj)" или на "D:\alg\SuperHappyTicket\x64\Release\libgmp.pdb"; компоновка объекта выполняется как при отсутствии отладочных данных
libgmp.lib(sqr.obj) : warning LNK4099: "libgmp.pdb" PDB не найден с "libgmp.lib(sqr.obj)" или на "D:\alg\SuperHappyTicket\x64\Release\libgmp.pdb"; компоновка объекта выполняется как при отсутствии отладочных данных
libgmp.lib(mul_n.obj) : warning LNK4099: "libgmp.pdb" PDB не найден с "libgmp.lib(mul_n.obj)" или на "D:\alg\SuperHappyTicket\x64\Release\libgmp.pdb"; компоновка объекта выполняется как при отсутствии отладочных данных
libgmp.lib(toom22_mul.obj) : warning LNK4099: "libgmp.pdb" PDB не найден с "libgmp.lib(toom22_mul.obj)" или на "D:\alg\SuperHappyTicket\x64\Release\libgmp.pdb"; компоновка объекта выполняется как при отсутствии отладочных данных
libgmp.lib(toom32_mul.obj) : warning LNK4099: "libgmp.pdb" PDB не найден с "libgmp.lib(toom32_mul.obj)" или на "D:\alg\SuperHappyTicket\x64\Release\libgmp.pdb"; компоновка объекта выполняется как при отсутствии отладочных данных
libgmp.lib(toom42_mul.obj) : warning LNK4099: "libgmp.pdb" PDB не найден с "libgmp.lib(toom42_mul.obj)" или на "D:\alg\SuperHappyTicket\x64\Release\libgmp.pdb"; компоновка объекта выполняется как при отсутствии отладочных данных
libgmp.lib(toom33_mul.obj) : warning LNK4099: "libgmp.pdb" PDB не найден с "libgmp.lib(toom33_mul.obj)" или на "D:\alg\SuperHappyTicket\x64\Release\libgmp.pdb"; компоновка объекта выполняется как при отсутствии отладочных данных
libgmp.lib(toom43_mul.obj) : warning LNK4099: "libgmp.pdb" PDB не найден с "libgmp.lib(toom43_mul.obj)" или на "D:\alg\SuperHappyTicket\x64\Release\libgmp.pdb"; компоновка объекта выполняется как при отсутствии отладочных данных
libgmp.lib(toom53_mul.obj) : warning LNK4099: "libgmp.pdb" PDB не найден с "libgmp.lib(toom53_mul.obj)" или на "D:\alg\SuperHappyTicket\x64\Release\libgmp.pdb"; компоновка объекта выполняется как при отсутствии отладочных данных
libgmp.lib(toom63_mul.obj) : warning LNK4099: "libgmp.pdb" PDB не найден с "libgmp.lib(toom63_mul.obj)" или на "D:\alg\SuperHappyTicket\x64\Release\libgmp.pdb"; компоновка объекта выполняется как при отсутствии отладочных данных
libgmp.lib(toom44_mul.obj) : warning LNK4099: "libgmp.pdb" PDB не найден с "libgmp.lib(toom44_mul.obj)" или на "D:\alg\SuperHappyTicket\x64\Release\libgmp.pdb"; компоновка объекта выполняется как при отсутствии отладочных данных
libgmp.lib(toom6h_mul.obj) : warning LNK4099: "libgmp.pdb" PDB не найден с "libgmp.lib(toom6h_mul.obj)" или на "D:\alg\SuperHappyTicket\x64\Release\libgmp.pdb"; компоновка объекта выполняется как при отсутствии отладочных данных
libgmp.lib(toom8h_mul.obj) : warning LNK4099: "libgmp.pdb" PDB не найден с "libgmp.lib(toom8h_mul.obj)" или на "D:\alg\SuperHappyTicket\x64\Release\libgmp.pdb"; компоновка объекта выполняется как при отсутствии отладочных данных
libgmp.lib(nussbaumer_mul.obj) : warning LNK4099: "libgmp.pdb" PDB не найден с "libgmp.lib(nussbaumer_mul.obj)" или на "D:\alg\SuperHappyTicket\x64\Release\libgmp.pdb"; компоновка объекта выполняется как при отсутствии отладочных данных
libgmp.lib(mulmod_bnm1.obj) : warning LNK4099: "libgmp.pdb" PDB не найден с "libgmp.lib(mulmod_bnm1.obj)" или на "D:\alg\SuperHappyTicket\x64\Release\libgmp.pdb"; компоновка объекта выполняется как при отсутствии отладочных данных
libgmp.lib(invertappr.obj) : warning LNK4099: "libgmp.pdb" PDB не найден с "libgmp.lib(invertappr.obj)" или на "D:\alg\SuperHappyTicket\x64\Release\libgmp.pdb"; компоновка объекта выполняется как при отсутствии отладочных данных
libgmp.lib(mp_minv_tab.obj) : warning LNK4099: "libgmp.pdb" PDB не найден с "libgmp.lib(mp_minv_tab.obj)" или на "D:\alg\SuperHappyTicket\x64\Release\libgmp.pdb"; компоновка объекта выполняется как при отсутствии отладочных данных
libgmp.lib(toom2_sqr.obj) : warning LNK4099: "libgmp.pdb" PDB не найден с "libgmp.lib(toom2_sqr.obj)" или на "D:\alg\SuperHappyTicket\x64\Release\libgmp.pdb"; компоновка объекта выполняется как при отсутствии отладочных данных
libgmp.lib(toom3_sqr.obj) : warning LNK4099: "libgmp.pdb" PDB не найден с "libgmp.lib(toom3_sqr.obj)" или на "D:\alg\SuperHappyTicket\x64\Release\libgmp.pdb"; компоновка объекта выполняется как при отсутствии отладочных данных
libgmp.lib(toom6_sqr.obj) : warning LNK4099: "libgmp.pdb" PDB не найден с "libgmp.lib(toom6_sqr.obj)" или на "D:\alg\SuperHappyTicket\x64\Release\libgmp.pdb"; компоновка объекта выполняется как при отсутствии отладочных данных
libgmp.lib(toom8_sqr.obj) : warning LNK4099: "libgmp.pdb" PDB не найден с "libgmp.lib(toom8_sqr.obj)" или на "D:\alg\SuperHappyTicket\x64\Release\libgmp.pdb"; компоновка объекта выполняется как при отсутствии отладочных данных
libgmp.lib(toom_interpolate_5pts.obj) : warning LNK4099: "libgmp.pdb" PDB не найден с "libgmp.lib(toom_interpolate_5pts.obj)" или на "D:\alg\SuperHappyTicket\x64\Release\libgmp.pdb"; компоновка объекта выполняется как при отсутствии отладочных данных
libgmp.lib(toom_eval_dgr3_pm1.obj) : warning LNK4099: "libgmp.pdb" PDB не найден с "libgmp.lib(toom_eval_dgr3_pm1.obj)" или на "D:\alg\SuperHappyTicket\x64\Release\libgmp.pdb"; компоновка объекта выполняется как при отсутствии отладочных данных
libgmp.lib(toom_interpolate_6pts.obj) : warning LNK4099: "libgmp.pdb" PDB не найден с "libgmp.lib(toom_interpolate_6pts.obj)" или на "D:\alg\SuperHappyTicket\x64\Release\libgmp.pdb"; компоновка объекта выполняется как при отсутствии отладочных данных
libgmp.lib(toom_eval_dgr3_pm2.obj) : warning LNK4099: "libgmp.pdb" PDB не найден с "libgmp.lib(toom_eval_dgr3_pm2.obj)" или на "D:\alg\SuperHappyTicket\x64\Release\libgmp.pdb"; компоновка объекта выполняется как при отсутствии отладочных данных
libgmp.lib(toom_interpolate_7pts.obj) : warning LNK4099: "libgmp.pdb" PDB не найден с "libgmp.lib(toom_interpolate_7pts.obj)" или на "D:\alg\SuperHappyTicket\x64\Release\libgmp.pdb"; компоновка объекта выполняется как при отсутствии отладочных данных
libgmp.lib(toom_eval_pm1.obj) : warning LNK4099: "libgmp.pdb" PDB не найден с "libgmp.lib(toom_eval_pm1.obj)" или на "D:\alg\SuperHappyTicket\x64\Release\libgmp.pdb"; компоновка объекта выполняется как при отсутствии отладочных данных
libgmp.lib(toom_eval_pm2.obj) : warning LNK4099: "libgmp.pdb" PDB не найден с "libgmp.lib(toom_eval_pm2.obj)" или на "D:\alg\SuperHappyTicket\x64\Release\libgmp.pdb"; компоновка объекта выполняется как при отсутствии отладочных данных
libgmp.lib(toom_interpolate_8pts.obj) : warning LNK4099: "libgmp.pdb" PDB не найден с "libgmp.lib(toom_interpolate_8pts.obj)" или на "D:\alg\SuperHappyTicket\x64\Release\libgmp.pdb"; компоновка объекта выполняется как при отсутствии отладочных данных
libgmp.lib(toom_couple_handling.obj) : warning LNK4099: "libgmp.pdb" PDB не найден с "libgmp.lib(toom_couple_handling.obj)" или на "D:\alg\SuperHappyTicket\x64\Release\libgmp.pdb"; компоновка объекта выполняется как при отсутствии отладочных данных
libgmp.lib(toom_eval_pm2exp.obj) : warning LNK4099: "libgmp.pdb" PDB не найден с "libgmp.lib(toom_eval_pm2exp.obj)" или на "D:\alg\SuperHappyTicket\x64\Release\libgmp.pdb"; компоновка объекта выполняется как при отсутствии отладочных данных
libgmp.lib(toom_interpolate_12pts.obj) : warning LNK4099: "libgmp.pdb" PDB не найден с "libgmp.lib(toom_interpolate_12pts.obj)" или на "D:\alg\SuperHappyTicket\x64\Release\libgmp.pdb"; компоновка объекта выполняется как при отсутствии отладочных данных
libgmp.lib(toom_eval_pm2rexp.obj) : warning LNK4099: "libgmp.pdb" PDB не найден с "libgmp.lib(toom_eval_pm2rexp.obj)" или на "D:\alg\SuperHappyTicket\x64\Release\libgmp.pdb"; компоновка объекта выполняется как при отсутствии отладочных данных
libgmp.lib(toom_interpolate_16pts.obj) : warning LNK4099: "libgmp.pdb" PDB не найден с "libgmp.lib(toom_interpolate_16pts.obj)" или на "D:\alg\SuperHappyTicket\x64\Release\libgmp.pdb"; компоновка объекта выполняется как при отсутствии отладочных данных
libgmp.lib(sqrmod_bnm1.obj) : warning LNK4099: "libgmp.pdb" PDB не найден с "libgmp.lib(sqrmod_bnm1.obj)" или на "D:\alg\SuperHappyTicket\x64\Release\libgmp.pdb"; компоновка объекта выполняется как при отсутствии отладочных данных
libgmp.lib(mul_fft.obj) : warning LNK4099: "libgmp.pdb" PDB не найден с "libgmp.lib(mul_fft.obj)" или на "D:\alg\SuperHappyTicket\x64\Release\libgmp.pdb"; компоновка объекта выполняется как при отсутствии отладочных данных
libgmp.lib(sbpi1_divappr_q.obj) : warning LNK4099: "libgmp.pdb" PDB не найден с "libgmp.lib(sbpi1_divappr_q.obj)" или на "D:\alg\SuperHappyTicket\x64\Release\libgmp.pdb"; компоновка объекта выполняется как при отсутствии отладочных данных
  SuperHappyTicket.vcxproj -> D:\alg\SuperHappyTicket\x64\Release\SuperHappyTicket.exe
